<?xml version="1.0" encoding="UTF-8"?>
<testsuite name="com.example.pcloudbackrest.RemotePathServiceTest" tests="3" skipped="0" failures="0" errors="0" timestamp="2026-05-03T18:04:30.796Z" hostname="kontor" time="0.002">
  <properties/>
  <testcase name="normalizesRemotePaths()" classname="com.example.pcloudbackrest.RemotePathServiceTest" time="0.0"/>
  <testcase name="safeResolveRejectsTraversal()" classname="com.example.pcloudbackrest.RemotePathServiceTest" time="0.0"/>
  <testcase name="mapsLocalPathToRemoteRelativePath()" classname="com.example.pcloudbackrest.RemotePathServiceTest" time="0.0"/>
  <system-out><![CDATA[]]></system-out>
  <system-err><![CDATA[]]></system-err>
</testsuite>
