<?xml version="1.0" encoding="UTF-8"?>
<testsuite name="com.example.pcloudbackrest.ConfigTest" tests="3" skipped="0" failures="0" errors="0" timestamp="2026-05-03T18:04:30.784Z" hostname="kontor" time="0.003">
  <properties/>
  <testcase name="rejectsMissingRequiredEnv()" classname="com.example.pcloudbackrest.ConfigTest" time="0.001"/>
  <testcase name="optionalBooleansDefaultToFalse()" classname="com.example.pcloudbackrest.ConfigTest" time="0.0"/>
  <testcase name="parsesRequiredAndOptionalEnv()" classname="com.example.pcloudbackrest.ConfigTest" time="0.001"/>
  <system-out><![CDATA[]]></system-out>
  <system-err><![CDATA[]]></system-err>
</testsuite>
